C:\projects\demo-apps\asp-mvc-angular-cli\aspMvcAngularCliDemo\aspMvcAngularCliDemo\demo-app\dist\out-tsc\src\app\app.component.js
C:\projects\demo-apps\asp-mvc-angular-cli\aspMvcAngularCliDemo\aspMvcAngularCliDemo\demo-app\dist\out-tsc\src\app\app.component.js.map
C:\projects\demo-apps\asp-mvc-angular-cli\aspMvcAngularCliDemo\aspMvcAngularCliDemo\demo-app\dist\out-tsc\src\app\app.module.js
C:\projects\demo-apps\asp-mvc-angular-cli\aspMvcAngularCliDemo\aspMvcAngularCliDemo\demo-app\dist\out-tsc\src\app\app.module.js.map
C:\projects\demo-apps\asp-mvc-angular-cli\aspMvcAngularCliDemo\aspMvcAngularCliDemo\demo-app\dist\out-tsc\src\environments\environment.js
C:\projects\demo-apps\asp-mvc-angular-cli\aspMvcAngularCliDemo\aspMvcAngularCliDemo\demo-app\dist\out-tsc\src\environments\environment.js.map
C:\projects\demo-apps\asp-mvc-angular-cli\aspMvcAngularCliDemo\aspMvcAngularCliDemo\demo-app\dist\out-tsc\src\main.js
C:\projects\demo-apps\asp-mvc-angular-cli\aspMvcAngularCliDemo\aspMvcAngularCliDemo\demo-app\dist\out-tsc\src\main.js.map
C:\projects\demo-apps\asp-mvc-angular-cli\aspMvcAngularCliDemo\aspMvcAngularCliDemo\demo-app\dist\out-tsc\src\polyfills.js
C:\projects\demo-apps\asp-mvc-angular-cli\aspMvcAngularCliDemo\aspMvcAngularCliDemo\demo-app\dist\out-tsc\src\polyfills.js.map
C:\projects\demo-apps\asp-mvc-angular-cli\aspMvcAngularCliDemo\aspMvcAngularCliDemo\demo-app\dist\out-tsc\src\test.js
C:\projects\demo-apps\asp-mvc-angular-cli\aspMvcAngularCliDemo\aspMvcAngularCliDemo\demo-app\dist\out-tsc\src\test.js.map
C:\projects\demo-apps\asp-mvc-angular-cli\aspMvcAngularCliDemo\aspMvcAngularCliDemo\demo-app\dist\out-tsc\e2e\src\app.po.js
C:\projects\demo-apps\asp-mvc-angular-cli\aspMvcAngularCliDemo\aspMvcAngularCliDemo\demo-app\dist\out-tsc\e2e\src\app.po.js.map
C:\projects\demo-apps\asp-mvc-angular-cli\aspMvcAngularCliDemo\aspMvcAngularCliDemo\demo-app\dist\out-tsc\e2e\src\app.e2e-spec.js
C:\projects\demo-apps\asp-mvc-angular-cli\aspMvcAngularCliDemo\aspMvcAngularCliDemo\demo-app\dist\out-tsc\e2e\src\app.e2e-spec.js.map
C:\projects\demo-apps\asp-mvc-angular-cli\aspMvcAngularCliDemo\aspMvcAngularCliDemo\demo-app\dist\out-tsc\src\app\app.component.spec.js
C:\projects\demo-apps\asp-mvc-angular-cli\aspMvcAngularCliDemo\aspMvcAngularCliDemo\demo-app\dist\out-tsc\src\app\app.component.spec.js.map
C:\projects\demo-apps\asp-mvc-angular-cli\aspMvcAngularCliDemo\aspMvcAngularCliDemo\demo-app\dist\out-tsc\src\environments\environment.prod.js
C:\projects\demo-apps\asp-mvc-angular-cli\aspMvcAngularCliDemo\aspMvcAngularCliDemo\demo-app\dist\out-tsc\src\environments\environment.prod.js.map
